<?xml version="1.0" encoding="UTF-8"?>
<!-- Generated by org.testng.reporters.JUnitXMLReporter -->
<testsuite hostname="XIPL9913" ignored="0" name="Test" tests="6" failures="1" timestamp="2022-12-13T15:13:05 IST" time="20.38" errors="0">
  <testcase name="myTest" time="0.012" classname="testNG_Feature.DProvider"/>
  <testcase name="myTest" time="0.004" classname="testNG_Feature.DProvider">
    <failure type="java.lang.AssertionError" message="expected [12] but found [9]">
      <![CDATA[java.lang.AssertionError: expected [12] but found [9]
at testNG_Feature.DProvider.myTest(DProvider.java:16)
at java.util.ArrayList.forEach(ArrayList.java:1249)
... Removed 34 stack frames]]>
    </failure>
  </testcase> <!-- myTest -->
  <testcase name="myTest" time="0.004" classname="testNG_Feature.Data_Drivern_feature9"/>
  <testcase name="myTest" time="0.004" classname="testNG_Feature.Data_Drivern_feature9"/>
  <testcase name="myTest" time="0.003" classname="testNG_Feature.Data_Drivern_feature9"/>
  <testcase name="non_CommerAppLogin" time="8.867" classname="testNG_Feature.BeforeAndAfterUse_Feature1"/>
</testsuite> <!-- Test -->
